<?xml version="1.0" encoding="UTF-8"?>
<testng-results ignored="0" total="1" passed="1" failed="0" skipped="0">
  <reporter-output>
  </reporter-output>
  <suite started-at="2024-09-25T01:04:34 IST" name="Default suite" finished-at="2024-09-25T01:04:55 IST" duration-ms="21231">
    <groups>
    </groups>
    <test started-at="2024-09-25T01:04:34 IST" name="Default test" finished-at="2024-09-25T01:04:55 IST" duration-ms="21231">
      <class name="feature_calander.Picker1">
        <test-method is-config="true" signature="setup()[pri:0, instance:feature_calander.Picker1@4d1c00d0]" started-at="2024-09-25T01:04:34 IST" name="setup" finished-at="2024-09-25T01:04:37 IST" duration-ms="2969" status="PASS">
          <reporter-output>
          </reporter-output>
        </test-method> <!-- setup -->
        <test-method signature="selectDateOfBirth()[pri:0, instance:feature_calander.Picker1@4d1c00d0]" started-at="2024-09-25T01:04:37 IST" name="selectDateOfBirth" finished-at="2024-09-25T01:04:54 IST" duration-ms="17803" status="PASS">
          <reporter-output>
          </reporter-output>
        </test-method> <!-- selectDateOfBirth -->
        <test-method is-config="true" signature="tearDown()[pri:0, instance:feature_calander.Picker1@4d1c00d0]" started-at="2024-09-25T01:04:54 IST" name="tearDown" finished-at="2024-09-25T01:04:55 IST" duration-ms="427" status="PASS">
          <reporter-output>
          </reporter-output>
        </test-method> <!-- tearDown -->
      </class> <!-- feature_calander.Picker1 -->
    </test> <!-- Default test -->
  </suite> <!-- Default suite -->
</testng-results>
